<?xml version="1.0" encoding="UTF-8"?>
<!-- Generated by org.testng.reporters.JUnitReportReporter -->
<testsuite skipped="0" hostname="Akkis-Mac.local" name="com.qa.amazon.tests.ShoppingCartCheckoutPageTest" tests="2" failures="0" timestamp="02 May 2021 21:50:20 GMT" time="0.581" errors="0">
  <testcase name="verifyShoppingCartCheckoutPagePageTitleTest" time="0.497" classname="com.qa.amazon.tests.ShoppingCartCheckoutPageTest"/>
  <testcase name="verifyCartItem" time="0.084" classname="com.qa.amazon.tests.ShoppingCartCheckoutPageTest"/>
</testsuite> <!-- com.qa.amazon.tests.ShoppingCartCheckoutPageTest -->
