<?xml version="1.0" encoding="UTF-8"?>
<!-- Generated by org.testng.reporters.JUnitReportReporter -->
<testsuite skipped="0" hostname="Akkis-Mac.local" name="com.qa.amazon.tests.MobilePhonePageTest" tests="3" failures="0" timestamp="02 May 2021 21:50:25 GMT" time="15.279" errors="0">
  <testcase name="verifyMobilePhonePageTitleTest" time="0.065" classname="com.qa.amazon.tests.MobilePhonePageTest"/>
  <testcase name="verifyAppleCheckBoxTest" time="7.786" classname="com.qa.amazon.tests.MobilePhonePageTest"/>
  <testcase name="verifyApplePhoneClick" time="7.428" classname="com.qa.amazon.tests.MobilePhonePageTest"/>
</testsuite> <!-- com.qa.amazon.tests.MobilePhonePageTest -->
