<?xml version="1.0" encoding="UTF-8"?>
<!-- Generated by org.testng.reporters.JUnitReportReporter -->
<testsuite skipped="0" hostname="Akkis-Mac.local" name="com.qa.amazon.tests.HomePageTest" tests="2" failures="0" timestamp="02 May 2021 21:50:35 GMT" time="8.173" errors="0">
  <testcase name="verifyHomePageTitleTest" time="0.107" classname="com.qa.amazon.tests.HomePageTest"/>
  <testcase name="verifySearchButtonTest" time="8.066" classname="com.qa.amazon.tests.HomePageTest"/>
</testsuite> <!-- com.qa.amazon.tests.HomePageTest -->
