<?xml version="1.0" encoding="UTF-8"?>
<!-- Generated by org.testng.reporters.JUnitReportReporter -->
<testsuite skipped="0" hostname="Akkis-Mac.local" name="com.qa.amazon.tests.ShoppingCartPageTest" tests="2" failures="0" timestamp="02 May 2021 21:50:30 GMT" time="4.779" errors="0">
  <testcase name="verifyShoppingCartPageTitleTest" time="1.082" classname="com.qa.amazon.tests.ShoppingCartPageTest"/>
  <testcase name="verifyClickOnCart" time="3.697" classname="com.qa.amazon.tests.ShoppingCartPageTest"/>
</testsuite> <!-- com.qa.amazon.tests.ShoppingCartPageTest -->
