<?xml version="1.0" encoding="UTF-8"?>
<!-- Generated by org.testng.reporters.JUnitReportReporter -->
<testsuite skipped="0" hostname="Akkis-Mac.local" name="com.qa.amazon.tests.ApplePhonePageTest" tests="2" failures="0" timestamp="02 May 2021 21:50:40 GMT" time="3.334" errors="0">
  <testcase name="verifyApplePhonePageTitleTest" time="0.075" classname="com.qa.amazon.tests.ApplePhonePageTest"/>
  <testcase name="verifyAddToCart" time="3.259" classname="com.qa.amazon.tests.ApplePhonePageTest"/>
</testsuite> <!-- com.qa.amazon.tests.ApplePhonePageTest -->
